<?xml version="1.0" encoding="UTF-8"?>
<!-- Generated by org.testng.reporters.JUnitReportReporter -->
<testsuite hostname="JARVIS" failures="0" tests="1" name="com.CRM.testscripts.CustomerModule" time="0.023" errors="0" timestamp="2025-06-26T11:04:24 IST" skipped="0">
  <testcase classname="com.CRM.testscripts.CustomerModule" name="createCampaign" time="0.023"/>
</testsuite> <!-- com.CRM.testscripts.CustomerModule -->
